<?xml version="1.0" encoding="UTF-8"?>
<!-- Generated by org.testng.reporters.JUnitReportReporter -->
<testsuite skipped="0" hostname="CBJ-CCC2F-06" name="com.qa.restApiTest.PostApiTest" tests="1" failures="0" timestamp="15 Jul 2019 02:37:31 GMT" time="1.143" errors="0">
  <testcase name="newUserPostApiTest" time="1.143" classname="com.qa.restApiTest.PostApiTest"/>
</testsuite> <!-- com.qa.restApiTest.PostApiTest -->
