<?xml version="1.0" encoding="UTF-8"?>
<!-- Generated by org.testng.reporters.JUnitReportReporter -->
<testsuite skipped="0" hostname="CBJ-CCC2F-06" name="com.qa.restApiTest.GetApiTest" tests="2" failures="0" timestamp="15 Jul 2019 02:37:31 GMT" time="0.662" errors="0">
  <testcase name="getApiTest" time="0.326" classname="com.qa.restApiTest.GetApiTest"/>
  <testcase name="getApiTestWithHeader" time="0.336" classname="com.qa.restApiTest.GetApiTest"/>
</testsuite> <!-- com.qa.restApiTest.GetApiTest -->
