<?xml version="1.0" encoding="UTF-8"?>
<!-- Generated by org.testng.reporters.JUnitReportReporter -->
<testsuite skipped="0" hostname="CBJ-CCC2F-06" name="com.qa.util.PostApiTest" tests="1" failures="0" timestamp="12 Jul 2019 07:53:04 GMT" time="1.455" errors="0">
  <testcase name="newUserPostApiTest" time="1.455" classname="com.qa.util.PostApiTest"/>
</testsuite> <!-- com.qa.util.PostApiTest -->
